<?xml version="1.0" encoding="UTF-8"?>
<!-- Generated by org.testng.reporters.JUnitXMLReporter -->
<testsuite ignored="0" hostname="CPX-HPHSBXQAABP" failures="0" tests="11" name="Default test" time="11.119" errors="0" timestamp="2022-02-02T14:07:27 SGT">
  <testcase classname="Base.TestNGCucumberTests" name="runScenario" time="0.748"/>
  <testcase classname="Base.TestNGCucumberTests" name="runScenario" time="0.429"/>
  <testcase classname="Base.TestNGCucumberTests" name="runScenario" time="0.381"/>
  <testcase classname="Base.TestNGCucumberTests" name="runScenario" time="0.453"/>
  <testcase classname="Base.TestNGCucumberTests" name="runScenario" time="0.966"/>
  <testcase classname="Base.TestNGCucumberTests" name="runScenario" time="0.294"/>
  <testcase classname="Base.TestNGCucumberTests" name="runScenario" time="0.377"/>
  <testcase classname="Base.TestNGCucumberTests" name="runScenario" time="0.398"/>
  <testcase classname="Base.TestNGCucumberTests" name="runScenario" time="0.355"/>
  <testcase classname="Base.TestNGCucumberTests" name="runScenario" time="0.332"/>
  <testcase classname="Base.TestNGCucumberTests" name="runScenario" time="0.44"/>
</testsuite> <!-- Default test -->
